  [1m[36m (3.1ms)[0m  [1mCREATE TABLE `schema_migrations` (`version` varchar(255) NOT NULL) ENGINE=InnoDB[0m
  [1m[35m (5.2ms)[0m  CREATE UNIQUE INDEX `unique_schema_migrations`  ON `schema_migrations` (`version`) 
  [1m[36mActiveRecord::SchemaMigration Load (0.2ms)[0m  [1mSELECT `schema_migrations`.* FROM `schema_migrations`[0m
Migrating to CreateUsers (20141108084431)
  [1m[35m (1.7ms)[0m  CREATE TABLE `users` (`id` int(11) auto_increment PRIMARY KEY, `first_name` varchar(255), `last_name` varchar(255), `email` varchar(255), `image` text, `age` int(11), `sex` int(11), `address` text, `post_num` int(11), `like_num` int(11), `comment_num` int(11), `disability` tinyint(1), `admin` tinyint(1), `valiable` tinyint(1), `created_at` datetime, `updated_at` datetime) ENGINE=InnoDB
  [1m[36m (0.1ms)[0m  [1mBEGIN[0m
  [1m[35mSQL (1.0ms)[0m  INSERT INTO `schema_migrations` (`version`) VALUES ('20141108084431')
  [1m[36m (0.4ms)[0m  [1mCOMMIT[0m
Migrating to CreatePosts (20141108084954)
  [1m[35m (1.8ms)[0m  CREATE TABLE `posts` (`id` int(11) auto_increment PRIMARY KEY, `title` varchar(255), `content` text, `image` text, `user_id` int(11), `x_locate` float, `y_locate` float, `valiable` tinyint(1), `created_at` datetime, `updated_at` datetime) ENGINE=InnoDB
  [1m[36m (0.1ms)[0m  [1mBEGIN[0m
  [1m[35mSQL (0.2ms)[0m  INSERT INTO `schema_migrations` (`version`) VALUES ('20141108084954')
  [1m[36m (0.9ms)[0m  [1mCOMMIT[0m
Migrating to CreateAdminPosts (20141108085231)
  [1m[35m (1.7ms)[0m  CREATE TABLE `admin_posts` (`id` int(11) auto_increment PRIMARY KEY, `title` varchar(255), `content` text, `image` text, `user_id` int(11), `deadline` datetime, `valiable` tinyint(1), `created_at` datetime, `updated_at` datetime) ENGINE=InnoDB
  [1m[36m (0.1ms)[0m  [1mBEGIN[0m
  [1m[35mSQL (1.6ms)[0m  INSERT INTO `schema_migrations` (`version`) VALUES ('20141108085231')
  [1m[36m (0.1ms)[0m  [1mCOMMIT[0m
Migrating to CreateLikes (20141108085321)
  [1m[35m (2.0ms)[0m  CREATE TABLE `likes` (`id` int(11) auto_increment PRIMARY KEY, `user_id` int(11), `post_id` int(11), `created_at` datetime, `updated_at` datetime) ENGINE=InnoDB
  [1m[36m (0.1ms)[0m  [1mBEGIN[0m
  [1m[35mSQL (0.2ms)[0m  INSERT INTO `schema_migrations` (`version`) VALUES ('20141108085321')
  [1m[36m (0.8ms)[0m  [1mCOMMIT[0m
Migrating to CreateComments (20141108085408)
  [1m[35m (1.8ms)[0m  CREATE TABLE `comments` (`id` int(11) auto_increment PRIMARY KEY, `content` text, `user_id` int(11), `post_id` int(11), `created_at` datetime, `updated_at` datetime) ENGINE=InnoDB
  [1m[36m (0.1ms)[0m  [1mBEGIN[0m
  [1m[35mSQL (0.2ms)[0m  INSERT INTO `schema_migrations` (`version`) VALUES ('20141108085408')
  [1m[36m (0.4ms)[0m  [1mCOMMIT[0m
Migrating to CreateCommentLikes (20141108085535)
  [1m[35m (1.5ms)[0m  CREATE TABLE `comment_likes` (`id` int(11) auto_increment PRIMARY KEY, `user_id` int(11), `comment_id` int(11), `created_at` datetime, `updated_at` datetime) ENGINE=InnoDB
  [1m[36m (0.1ms)[0m  [1mBEGIN[0m
  [1m[35mSQL (0.2ms)[0m  INSERT INTO `schema_migrations` (`version`) VALUES ('20141108085535')
  [1m[36m (0.8ms)[0m  [1mCOMMIT[0m
  [1m[35mActiveRecord::SchemaMigration Load (0.2ms)[0m  SELECT `schema_migrations`.* FROM `schema_migrations`
